[debug] [2025-07-02T14:51:43.044Z] ----------------------------------------------------------------------
[debug] [2025-07-02T14:51:43.050Z] Command:       C:\Program Files\nodejs\node.exe C:\Users\noero\AppData\Roaming\npm\node_modules\firebase-tools\lib\bin\firebase.js projects:list
[debug] [2025-07-02T14:51:43.050Z] CLI Version:   14.9.0
[debug] [2025-07-02T14:51:43.051Z] Platform:      win32
[debug] [2025-07-02T14:51:43.051Z] Node Version:  v22.17.0
[debug] [2025-07-02T14:51:43.052Z] Time:          Wed Jul 02 2025 16:51:43 GMT+0200 (Mitteleuropäische Sommerzeit)
[debug] [2025-07-02T14:51:43.052Z] ----------------------------------------------------------------------
[debug] 
[debug] [2025-07-02T14:51:43.063Z] > command requires scopes: ["email","openid","https://www.googleapis.com/auth/cloudplatformprojects.readonly","https://www.googleapis.com/auth/firebase","https://www.googleapis.com/auth/cloud-platform"]
[debug] [2025-07-02T14:51:43.063Z] > authorizing via signed-in user (noe.roth.ch@gmail.com)
[debug] [2025-07-02T14:51:43.071Z] Checked if tokens are valid: true, expires at: 1751471487759
[debug] [2025-07-02T14:51:43.071Z] Checked if tokens are valid: true, expires at: 1751471487759
[debug] [2025-07-02T14:51:43.073Z] >>> [apiv2][query] GET https://firebase.googleapis.com/v1beta1/projects pageSize=1000
[debug] [2025-07-02T14:51:53.403Z] *** [apiv2] error from fetch(https://firebase.googleapis.com/v1beta1/projects?pageSize=1000, {"headers":{},"method":"GET","signal":{}}): FetchError: request to https://firebase.googleapis.com/v1beta1/projects?pageSize=1000 failed, reason: read ECONNRESET
[debug] [2025-07-02T14:51:53.403Z] Failed to make request to https://firebase.googleapis.com/v1beta1/projects?pageSize=1000
[debug] [2025-07-02T14:51:58.412Z] Error: Timed out.
    at Timeout._onTimeout (C:\Users\noero\AppData\Roaming\npm\node_modules\firebase-tools\lib\utils.js:267:49)
    at listOnTimeout (node:internal/timers:588:17)
    at process.processTimers (node:internal/timers:523:7)
[error] 
[error] Error: An unexpected error has occurred.
[debug] [2025-07-02T14:52:19.806Z] ----------------------------------------------------------------------
[debug] [2025-07-02T14:52:19.816Z] Command:       C:\Program Files\nodejs\node.exe C:\Users\noero\AppData\Roaming\npm\node_modules\firebase-tools\lib\bin\firebase.js init
[debug] [2025-07-02T14:52:19.817Z] CLI Version:   14.9.0
[debug] [2025-07-02T14:52:19.818Z] Platform:      win32
[debug] [2025-07-02T14:52:19.818Z] Node Version:  v22.17.0
[debug] [2025-07-02T14:52:19.819Z] Time:          Wed Jul 02 2025 16:52:19 GMT+0200 (Mitteleuropäische Sommerzeit)
[debug] [2025-07-02T14:52:19.820Z] ----------------------------------------------------------------------
[debug] 
[debug] [2025-07-02T14:52:19.839Z] > command requires scopes: ["email","openid","https://www.googleapis.com/auth/cloudplatformprojects.readonly","https://www.googleapis.com/auth/firebase","https://www.googleapis.com/auth/cloud-platform"]
[debug] [2025-07-02T14:52:19.840Z] > authorizing via signed-in user (noe.roth.ch@gmail.com)
[info] 
     ######## #### ########  ######## ########     ###     ######  ########
     ##        ##  ##     ## ##       ##     ##  ##   ##  ##       ##
     ######    ##  ########  ######   ########  #########  ######  ######
     ##        ##  ##    ##  ##       ##     ## ##     ##       ## ##
     ##       #### ##     ## ######## ########  ##     ##  ######  ########

You're about to initialize a Firebase project in this directory:

  C:\Users\noero\OneDrive\02 Noé\BBBaden\Neuer Ordner

[info] 
=== Project Setup
[info] 
[info] First, let's associate this project directory with a Firebase project.
[info] You can create multiple project aliases by running firebase use --add, 
[info] but for now we'll just set up a default project.
[info] 
[debug] [2025-07-02T14:52:29.008Z] Checked if tokens are valid: true, expires at: 1751471487759
[debug] [2025-07-02T14:52:29.008Z] Checked if tokens are valid: true, expires at: 1751471487759
[debug] [2025-07-02T14:52:29.009Z] >>> [apiv2][query] GET https://firebase.googleapis.com/v1beta1/projects pageSize=100
[debug] [2025-07-02T14:52:39.965Z] *** [apiv2] error from fetch(https://firebase.googleapis.com/v1beta1/projects?pageSize=100, {"headers":{},"method":"GET","signal":{}}): FetchError: request to https://firebase.googleapis.com/v1beta1/projects?pageSize=100 failed, reason: read ECONNRESET
[debug] [2025-07-02T14:52:39.965Z] Failed to make request to https://firebase.googleapis.com/v1beta1/projects?pageSize=100
[debug] [2025-07-02T14:52:40.378Z] FirebaseError: Failed to make request to https://firebase.googleapis.com/v1beta1/projects?pageSize=100
    at RetryOperation._fn (C:\Users\noero\AppData\Roaming\npm\node_modules\firebase-tools\lib\apiv2.js:261:31)
    at process.processTicksAndRejections (node:internal/process/task_queues:105:5)
[error] 
[error] Error: Failed to list Firebase projects. See firebase-debug.log for more info.
